<?xml version="1.0" encoding="UTF-8"?>
<testng-results ignored="0" total="1" passed="1" failed="0" skipped="0">
  <reporter-output>
  </reporter-output>
  <suite started-at="2023-07-31T14:01:01 CDT" name="Default suite" finished-at="2023-07-31T14:01:09 CDT" duration-ms="7867">
    <groups>
    </groups>
    <test started-at="2023-07-31T14:01:01 CDT" name="Default test" finished-at="2023-07-31T14:01:09 CDT" duration-ms="7867">
      <class name="test.AddCustomerTest">
        <test-method signature="validUserShouldBeAbleToLogin()[pri:0, instance:test.AddCustomerTest@27462a88]" started-at="2023-07-31T14:01:01 CDT" name="validUserShouldBeAbleToLogin" finished-at="2023-07-31T14:01:09 CDT" duration-ms="7782" status="PASS">
          <reporter-output>
          </reporter-output>
        </test-method> <!-- validUserShouldBeAbleToLogin -->
      </class> <!-- test.AddCustomerTest -->
    </test> <!-- Default test -->
  </suite> <!-- Default suite -->
</testng-results>
